<?xml version="1.0" encoding="UTF-8"?>
<!-- Generated by org.testng.reporters.JUnitReportReporter -->
<testsuite hostname="NOI1-TEM989" name="tests.LoginTest" tests="2" failures="0" timestamp="17 Feb 2016 16:14:04 GMT" time="0.000" errors="0">
  <testcase name="testLogin" time="0.000" classname="tests.LoginTest"/>
  <testcase name="testRegister" time="0.000" classname="tests.LoginTest"/>
</testsuite> <!-- tests.LoginTest -->
