<?xml version="1.0" encoding="UTF-8"?>
<!-- Generated by org.testng.reporters.JUnitReportReporter -->
<testsuite hostname="NOI1-TEM989" name="tests.SellingBooks" tests="1" failures="0" timestamp="17 Feb 2016 16:14:03 GMT" time="0.000" errors="1">
  <testcase name="testSellingBooks" time="0.000" classname="tests.SellingBooks"/>
</testsuite> <!-- tests.SellingBooks -->
