<?xml version="1.0" encoding="UTF-8"?>
<!-- Generated by org.testng.reporters.JUnitReportReporter -->
<testsuite hostname="NOI1-TEM989" name="tests.UsingAssertion" tests="1" failures="0" timestamp="17 Feb 2016 16:14:03 GMT" time="0.015" errors="0">
  <testcase name="testGoogleSearch" time="0.015" classname="tests.UsingAssertion"/>
</testsuite> <!-- tests.UsingAssertion -->
