<?xml version="1.0" encoding="UTF-8"?>
<!-- Generated by org.testng.reporters.JUnitReportReporter -->
<testsuite hostname="NOI1-TEM989" name="tests.SendMailTest" tests="2" failures="0" timestamp="17 Feb 2016 16:13:15 GMT" time="0.000" errors="2">
  <testcase name="testSendingMail" time="0.000" classname="tests.SendMailTest"/>
  <testcase name="testSendingMail" time="0.000" classname="tests.SendMailTest"/>
</testsuite> <!-- tests.SendMailTest -->
